 
****************************************
Report : hierarchy
Design : minimips
Version: N-2017.09-SP3
Date   : Tue Mar  2 19:19:46 2021
****************************************

Attributes:
    r - licensed design

minimips
    BUF_X4                             NanGate_15nm_OCL
    CLKBUF_X4                          NanGate_15nm_OCL
    CLKBUF_X12                         NanGate_15nm_OCL
    DFF_X1                             NanGate_15nm_OCL
    INV_X1                             NanGate_15nm_OCL
    INV_X2                             NanGate_15nm_OCL
    MUX2_X1                            NanGate_15nm_OCL
    NAND2_X1                           NanGate_15nm_OCL
    NAND2_X2                           NanGate_15nm_OCL
    NAND3_X1                           NanGate_15nm_OCL
    NAND3_X2                           NanGate_15nm_OCL
    NOR2_X1                            NanGate_15nm_OCL
    NOR3_X1                            NanGate_15nm_OCL
    OR2_X1                             NanGate_15nm_OCL
    OR2_X2                             NanGate_15nm_OCL
    OR3_X1                             NanGate_15nm_OCL
    banc
        AND2_X1                        NanGate_15nm_OCL
        AND2_X2                        NanGate_15nm_OCL
        AND3_X1                        NanGate_15nm_OCL
        AND3_X2                        NanGate_15nm_OCL
        AND4_X1                        NanGate_15nm_OCL
        AOI21_X1                       NanGate_15nm_OCL
        AOI22_X1                       NanGate_15nm_OCL
        AOI22_X2                       NanGate_15nm_OCL
        BUF_X2                         NanGate_15nm_OCL
        BUF_X4                         NanGate_15nm_OCL
        BUF_X8                         NanGate_15nm_OCL
        CLKBUF_X2                      NanGate_15nm_OCL
        CLKBUF_X4                      NanGate_15nm_OCL
        CLKBUF_X8                      NanGate_15nm_OCL
        CLKBUF_X12                     NanGate_15nm_OCL
        DFF_X1                         NanGate_15nm_OCL
        INV_X1                         NanGate_15nm_OCL
        INV_X2                         NanGate_15nm_OCL
        INV_X4                         NanGate_15nm_OCL
        NAND2_X1                       NanGate_15nm_OCL
        NAND2_X2                       NanGate_15nm_OCL
        NAND3_X1                       NanGate_15nm_OCL
        NAND3_X2                       NanGate_15nm_OCL
        NAND4_X1                       NanGate_15nm_OCL
        NOR2_X1                        NanGate_15nm_OCL
        NOR3_X1                        NanGate_15nm_OCL
        NOR4_X1                        NanGate_15nm_OCL
        OAI21_X1                       NanGate_15nm_OCL
        OAI22_X1                       NanGate_15nm_OCL
        OR3_X1                         NanGate_15nm_OCL
        OR3_X2                         NanGate_15nm_OCL
    bus_ctrl01
        AND2_X1                        NanGate_15nm_OCL
        AOI21_X2                       NanGate_15nm_OCL
        BUF_X2                         NanGate_15nm_OCL
        BUF_X4                         NanGate_15nm_OCL
        CLKBUF_X2                      NanGate_15nm_OCL
        CLKBUF_X8                      NanGate_15nm_OCL
        CLKBUF_X12                     NanGate_15nm_OCL
        DFFR_X1                        NanGate_15nm_OCL
        DFF_X1                         NanGate_15nm_OCL
        INV_X1                         NanGate_15nm_OCL
        INV_X2                         NanGate_15nm_OCL
        MUX2_X1                        NanGate_15nm_OCL
        NAND2_X1                       NanGate_15nm_OCL
        NAND2_X2                       NanGate_15nm_OCL
        NOR2_X1                        NanGate_15nm_OCL
        OAI22_X1                       NanGate_15nm_OCL
        TBUF_X1                        NanGate_15nm_OCL
    bus_ctrl02
        AND2_X1                        NanGate_15nm_OCL
        AOI21_X2                       NanGate_15nm_OCL
        BUF_X2                         NanGate_15nm_OCL
        BUF_X4                         NanGate_15nm_OCL
        CLKBUF_X2                      NanGate_15nm_OCL
        CLKBUF_X8                      NanGate_15nm_OCL
        CLKBUF_X12                     NanGate_15nm_OCL
        DFFR_X1                        NanGate_15nm_OCL
        DFF_X1                         NanGate_15nm_OCL
        INV_X1                         NanGate_15nm_OCL
        INV_X2                         NanGate_15nm_OCL
        MUX2_X1                        NanGate_15nm_OCL
        NAND2_X1                       NanGate_15nm_OCL
        NAND2_X2                       NanGate_15nm_OCL
        NOR2_X1                        NanGate_15nm_OCL
        OAI22_X1                       NanGate_15nm_OCL
        TBUF_X1                        NanGate_15nm_OCL
    delay_gate
    pps_di
        AND2_X1                        NanGate_15nm_OCL
        AND2_X2                        NanGate_15nm_OCL
        AND3_X1                        NanGate_15nm_OCL
        AND3_X2                        NanGate_15nm_OCL
        AND4_X1                        NanGate_15nm_OCL
        AND4_X2                        NanGate_15nm_OCL
        AOI21_X1                       NanGate_15nm_OCL
        AOI21_X2                       NanGate_15nm_OCL
        AOI22_X1                       NanGate_15nm_OCL
        AOI22_X2                       NanGate_15nm_OCL
        BUF_X1                         NanGate_15nm_OCL
        BUF_X2                         NanGate_15nm_OCL
        BUF_X4                         NanGate_15nm_OCL
        CLKBUF_X2                      NanGate_15nm_OCL
        CLKBUF_X4                      NanGate_15nm_OCL
        CLKBUF_X12                     NanGate_15nm_OCL
        DFF_X1                         NanGate_15nm_OCL
        DFF_X2                         NanGate_15nm_OCL
        INV_X1                         NanGate_15nm_OCL
        INV_X2                         NanGate_15nm_OCL
        INV_X4                         NanGate_15nm_OCL
        INV_X16                        NanGate_15nm_OCL
        MUX2_X1                        NanGate_15nm_OCL
        NAND2_X1                       NanGate_15nm_OCL
        NAND2_X2                       NanGate_15nm_OCL
        NAND3_X1                       NanGate_15nm_OCL
        NAND3_X2                       NanGate_15nm_OCL
        NAND4_X1                       NanGate_15nm_OCL
        NAND4_X2                       NanGate_15nm_OCL
        NOR2_X1                        NanGate_15nm_OCL
        NOR2_X2                        NanGate_15nm_OCL
        NOR3_X1                        NanGate_15nm_OCL
        NOR3_X2                        NanGate_15nm_OCL
        NOR4_X1                        NanGate_15nm_OCL
        NOR4_X2                        NanGate_15nm_OCL
        OAI21_X1                       NanGate_15nm_OCL
        OAI21_X2                       NanGate_15nm_OCL
        OAI22_X1                       NanGate_15nm_OCL
        OAI22_X2                       NanGate_15nm_OCL
        OR2_X1                         NanGate_15nm_OCL
        OR3_X1                         NanGate_15nm_OCL
        OR3_X2                         NanGate_15nm_OCL
        OR4_X1                         NanGate_15nm_OCL
    pps_di_2
        AND2_X1                        NanGate_15nm_OCL
        AND2_X2                        NanGate_15nm_OCL
        AND3_X1                        NanGate_15nm_OCL
        AND3_X2                        NanGate_15nm_OCL
        AND4_X1                        NanGate_15nm_OCL
        AOI21_X1                       NanGate_15nm_OCL
        AOI21_X2                       NanGate_15nm_OCL
        AOI22_X1                       NanGate_15nm_OCL
        BUF_X1                         NanGate_15nm_OCL
        BUF_X2                         NanGate_15nm_OCL
        BUF_X4                         NanGate_15nm_OCL
        CLKBUF_X2                      NanGate_15nm_OCL
        CLKBUF_X4                      NanGate_15nm_OCL
        CLKBUF_X12                     NanGate_15nm_OCL
        DFF_X1                         NanGate_15nm_OCL
        DFF_X2                         NanGate_15nm_OCL
        INV_X1                         NanGate_15nm_OCL
        INV_X2                         NanGate_15nm_OCL
        INV_X4                         NanGate_15nm_OCL
        INV_X8                         NanGate_15nm_OCL
        INV_X16                        NanGate_15nm_OCL
        MUX2_X1                        NanGate_15nm_OCL
        NAND2_X1                       NanGate_15nm_OCL
        NAND2_X2                       NanGate_15nm_OCL
        NAND3_X1                       NanGate_15nm_OCL
        NAND3_X2                       NanGate_15nm_OCL
        NAND4_X1                       NanGate_15nm_OCL
        NAND4_X2                       NanGate_15nm_OCL
        NOR2_X1                        NanGate_15nm_OCL
        NOR2_X2                        NanGate_15nm_OCL
        NOR3_X1                        NanGate_15nm_OCL
        NOR3_X2                        NanGate_15nm_OCL
        NOR4_X1                        NanGate_15nm_OCL
        NOR4_X2                        NanGate_15nm_OCL
        OAI21_X1                       NanGate_15nm_OCL
        OAI21_X2                       NanGate_15nm_OCL
        OAI22_X1                       NanGate_15nm_OCL
        OR2_X1                         NanGate_15nm_OCL
        OR2_X2                         NanGate_15nm_OCL
        OR3_X1                         NanGate_15nm_OCL
        OR3_X2                         NanGate_15nm_OCL
        OR4_X1                         NanGate_15nm_OCL
        OR4_X2                         NanGate_15nm_OCL
    pps_ei
        AOI21_X2                       NanGate_15nm_OCL
        BUF_X2                         NanGate_15nm_OCL
        BUF_X4                         NanGate_15nm_OCL
        CLKBUF_X4                      NanGate_15nm_OCL
        CLKBUF_X12                     NanGate_15nm_OCL
        DFF_X1                         NanGate_15nm_OCL
        INV_X1                         NanGate_15nm_OCL
        INV_X2                         NanGate_15nm_OCL
        MUX2_X1                        NanGate_15nm_OCL
        NAND2_X1                       NanGate_15nm_OCL
        NAND2_X2                       NanGate_15nm_OCL
        NAND4_X1                       NanGate_15nm_OCL
        NAND4_X2                       NanGate_15nm_OCL
        NOR2_X1                        NanGate_15nm_OCL
        OAI22_X1                       NanGate_15nm_OCL
    pps_ei_2
        AOI21_X1                       NanGate_15nm_OCL
        BUF_X2                         NanGate_15nm_OCL
        BUF_X8                         NanGate_15nm_OCL
        CLKBUF_X2                      NanGate_15nm_OCL
        CLKBUF_X4                      NanGate_15nm_OCL
        DFF_X1                         NanGate_15nm_OCL
        DFF_X2                         NanGate_15nm_OCL
        INV_X1                         NanGate_15nm_OCL
        INV_X2                         NanGate_15nm_OCL
        MUX2_X1                        NanGate_15nm_OCL
        NAND2_X1                       NanGate_15nm_OCL
        NAND2_X2                       NanGate_15nm_OCL
        NAND4_X2                       NanGate_15nm_OCL
        NOR2_X1                        NanGate_15nm_OCL
        OAI22_X1                       NanGate_15nm_OCL
    pps_ex
        AOI21_X1                       NanGate_15nm_OCL
        AOI22_X1                       NanGate_15nm_OCL
        AOI22_X2                       NanGate_15nm_OCL
        BUF_X1                         NanGate_15nm_OCL
        BUF_X2                         NanGate_15nm_OCL
        BUF_X4                         NanGate_15nm_OCL
        CLKBUF_X1                      NanGate_15nm_OCL
        CLKBUF_X4                      NanGate_15nm_OCL
        CLKBUF_X8                      NanGate_15nm_OCL
        CLKBUF_X12                     NanGate_15nm_OCL
        DFF_X1                         NanGate_15nm_OCL
        INV_X1                         NanGate_15nm_OCL
        INV_X2                         NanGate_15nm_OCL
        INV_X4                         NanGate_15nm_OCL
        INV_X8                         NanGate_15nm_OCL
        MUX2_X1                        NanGate_15nm_OCL
        NAND2_X1                       NanGate_15nm_OCL
        NAND2_X2                       NanGate_15nm_OCL
        NAND4_X1                       NanGate_15nm_OCL
        NOR4_X1                        NanGate_15nm_OCL
        OAI21_X1                       NanGate_15nm_OCL
        OAI22_X1                       NanGate_15nm_OCL
        OAI22_X2                       NanGate_15nm_OCL
        OR2_X2                         NanGate_15nm_OCL
        OR4_X1                         NanGate_15nm_OCL
        alu                                      r
            AND2_X1                    NanGate_15nm_OCL
            AND2_X2                    NanGate_15nm_OCL
            AND3_X1                    NanGate_15nm_OCL
            AND3_X2                    NanGate_15nm_OCL
            AND4_X1                    NanGate_15nm_OCL
            AND4_X2                    NanGate_15nm_OCL
            AOI21_X1                   NanGate_15nm_OCL
            AOI22_X1                   NanGate_15nm_OCL
            AOI22_X2                   NanGate_15nm_OCL
            BUF_X2                     NanGate_15nm_OCL
            BUF_X4                     NanGate_15nm_OCL
            BUF_X8                     NanGate_15nm_OCL
            CLKBUF_X2                  NanGate_15nm_OCL
            CLKBUF_X4                  NanGate_15nm_OCL
            CLKBUF_X8                  NanGate_15nm_OCL
            CLKBUF_X12                 NanGate_15nm_OCL
            DFF_X1                     NanGate_15nm_OCL
            INV_X1                     NanGate_15nm_OCL
            INV_X2                     NanGate_15nm_OCL
            INV_X4                     NanGate_15nm_OCL
            INV_X8                     NanGate_15nm_OCL
            INV_X12                    NanGate_15nm_OCL
            INV_X16                    NanGate_15nm_OCL
            MUX2_X1                    NanGate_15nm_OCL
            NAND2_X1                   NanGate_15nm_OCL
            NAND2_X2                   NanGate_15nm_OCL
            NAND3_X1                   NanGate_15nm_OCL
            NAND3_X2                   NanGate_15nm_OCL
            NAND4_X1                   NanGate_15nm_OCL
            NAND4_X2                   NanGate_15nm_OCL
            NOR2_X1                    NanGate_15nm_OCL
            NOR2_X2                    NanGate_15nm_OCL
            NOR3_X1                    NanGate_15nm_OCL
            NOR3_X2                    NanGate_15nm_OCL
            NOR4_X1                    NanGate_15nm_OCL
            NOR4_X2                    NanGate_15nm_OCL
            OAI21_X1                   NanGate_15nm_OCL
            OAI22_X1                   NanGate_15nm_OCL
            OAI22_X2                   NanGate_15nm_OCL
            OR2_X1                     NanGate_15nm_OCL
            OR2_X2                     NanGate_15nm_OCL
            OR3_X1                     NanGate_15nm_OCL
            OR3_X2                     NanGate_15nm_OCL
            OR4_X1                     NanGate_15nm_OCL
            XOR2_X1                    NanGate_15nm_OCL
            alu_DW01_add_1                       r
                AND2_X1                NanGate_15nm_OCL
                AOI21_X1               NanGate_15nm_OCL
                AOI21_X2               NanGate_15nm_OCL
                INV_X1                 NanGate_15nm_OCL
                INV_X2                 NanGate_15nm_OCL
                NAND2_X1               NanGate_15nm_OCL
                NOR2_X1                NanGate_15nm_OCL
                NOR2_X2                NanGate_15nm_OCL
                OAI21_X1               NanGate_15nm_OCL
                OR2_X1                 NanGate_15nm_OCL
                OR2_X2                 NanGate_15nm_OCL
                XNOR2_X1               NanGate_15nm_OCL
                XOR2_X1                NanGate_15nm_OCL
            alu_DW_mult_tc_2                     r
                AND2_X1                NanGate_15nm_OCL
                AND2_X2                NanGate_15nm_OCL
                AOI21_X1               NanGate_15nm_OCL
                AOI21_X2               NanGate_15nm_OCL
                BUF_X2                 NanGate_15nm_OCL
                BUF_X4                 NanGate_15nm_OCL
                BUF_X8                 NanGate_15nm_OCL
                BUF_X12                NanGate_15nm_OCL
                BUF_X16                NanGate_15nm_OCL
                CLKBUF_X2              NanGate_15nm_OCL
                CLKBUF_X4              NanGate_15nm_OCL
                CLKBUF_X8              NanGate_15nm_OCL
                CLKBUF_X12             NanGate_15nm_OCL
                FA_X1                  NanGate_15nm_OCL
                HA_X1                  NanGate_15nm_OCL
                INV_X1                 NanGate_15nm_OCL
                INV_X2                 NanGate_15nm_OCL
                INV_X4                 NanGate_15nm_OCL
                INV_X8                 NanGate_15nm_OCL
                INV_X12                NanGate_15nm_OCL
                INV_X16                NanGate_15nm_OCL
                NAND2_X1               NanGate_15nm_OCL
                NAND2_X2               NanGate_15nm_OCL
                NAND3_X1               NanGate_15nm_OCL
                NOR2_X1                NanGate_15nm_OCL
                NOR2_X2                NanGate_15nm_OCL
                OAI21_X1               NanGate_15nm_OCL
                OAI21_X2               NanGate_15nm_OCL
                OAI22_X1               NanGate_15nm_OCL
                OAI22_X2               NanGate_15nm_OCL
                OR2_X1                 NanGate_15nm_OCL
                OR2_X2                 NanGate_15nm_OCL
                XNOR2_X1               NanGate_15nm_OCL
                XOR2_X1                NanGate_15nm_OCL
            alu_DW_mult_tc_3                     r
                AND2_X1                NanGate_15nm_OCL
                AOI21_X1               NanGate_15nm_OCL
                AOI21_X2               NanGate_15nm_OCL
                BUF_X8                 NanGate_15nm_OCL
                CLKBUF_X2              NanGate_15nm_OCL
                CLKBUF_X12             NanGate_15nm_OCL
                FA_X1                  NanGate_15nm_OCL
                HA_X1                  NanGate_15nm_OCL
                INV_X1                 NanGate_15nm_OCL
                INV_X2                 NanGate_15nm_OCL
                INV_X4                 NanGate_15nm_OCL
                INV_X16                NanGate_15nm_OCL
                NAND2_X1               NanGate_15nm_OCL
                NAND2_X2               NanGate_15nm_OCL
                NAND3_X2               NanGate_15nm_OCL
                NOR2_X1                NanGate_15nm_OCL
                OAI21_X1               NanGate_15nm_OCL
                OAI21_X2               NanGate_15nm_OCL
                OAI22_X1               NanGate_15nm_OCL
                OAI22_X2               NanGate_15nm_OCL
                OR2_X1                 NanGate_15nm_OCL
                OR2_X2                 NanGate_15nm_OCL
                XNOR2_X1               NanGate_15nm_OCL
                XOR2_X1                NanGate_15nm_OCL
            alu_DW_mult_uns_1                    r
                AND2_X1                NanGate_15nm_OCL
                AND2_X2                NanGate_15nm_OCL
                AOI21_X1               NanGate_15nm_OCL
                AOI21_X2               NanGate_15nm_OCL
                BUF_X2                 NanGate_15nm_OCL
                BUF_X4                 NanGate_15nm_OCL
                BUF_X8                 NanGate_15nm_OCL
                CLKBUF_X2              NanGate_15nm_OCL
                CLKBUF_X4              NanGate_15nm_OCL
                CLKBUF_X8              NanGate_15nm_OCL
                CLKBUF_X12             NanGate_15nm_OCL
                FA_X1                  NanGate_15nm_OCL
                HA_X1                  NanGate_15nm_OCL
                INV_X1                 NanGate_15nm_OCL
                INV_X2                 NanGate_15nm_OCL
                INV_X4                 NanGate_15nm_OCL
                INV_X8                 NanGate_15nm_OCL
                INV_X12                NanGate_15nm_OCL
                INV_X16                NanGate_15nm_OCL
                NAND2_X1               NanGate_15nm_OCL
                NAND2_X2               NanGate_15nm_OCL
                NOR2_X1                NanGate_15nm_OCL
                NOR2_X2                NanGate_15nm_OCL
                OAI21_X1               NanGate_15nm_OCL
                OAI21_X2               NanGate_15nm_OCL
                OAI22_X1               NanGate_15nm_OCL
                OAI22_X2               NanGate_15nm_OCL
                OR2_X1                 NanGate_15nm_OCL
                OR2_X2                 NanGate_15nm_OCL
                XNOR2_X1               NanGate_15nm_OCL
                XOR2_X1                NanGate_15nm_OCL
        pps_ex_DW01_add_3                        r
            AND2_X1                    NanGate_15nm_OCL
            AND2_X2                    NanGate_15nm_OCL
            AOI21_X1                   NanGate_15nm_OCL
            AOI21_X2                   NanGate_15nm_OCL
            INV_X1                     NanGate_15nm_OCL
            NAND2_X1                   NanGate_15nm_OCL
            NOR2_X1                    NanGate_15nm_OCL
            OAI21_X1                   NanGate_15nm_OCL
            OR2_X1                     NanGate_15nm_OCL
            XNOR2_X1                   NanGate_15nm_OCL
            XOR2_X1                    NanGate_15nm_OCL
        pps_ex_DW01_add_4                        r
            INV_X1                     NanGate_15nm_OCL
            INV_X8                     NanGate_15nm_OCL
            NAND2_X1                   NanGate_15nm_OCL
            NOR2_X1                    NanGate_15nm_OCL
            NOR2_X2                    NanGate_15nm_OCL
            XNOR2_X1                   NanGate_15nm_OCL
            XOR2_X1                    NanGate_15nm_OCL
        pps_ex_DW01_add_5                        r
            INV_X1                     NanGate_15nm_OCL
            NAND2_X1                   NanGate_15nm_OCL
            NOR2_X1                    NanGate_15nm_OCL
            NOR2_X2                    NanGate_15nm_OCL
            OR2_X1                     NanGate_15nm_OCL
            XNOR2_X1                   NanGate_15nm_OCL
            XOR2_X1                    NanGate_15nm_OCL
    pps_ex_2
        AOI21_X1                       NanGate_15nm_OCL
        AOI22_X1                       NanGate_15nm_OCL
        AOI22_X2                       NanGate_15nm_OCL
        BUF_X1                         NanGate_15nm_OCL
        BUF_X2                         NanGate_15nm_OCL
        BUF_X4                         NanGate_15nm_OCL
        CLKBUF_X1                      NanGate_15nm_OCL
        CLKBUF_X2                      NanGate_15nm_OCL
        CLKBUF_X4                      NanGate_15nm_OCL
        CLKBUF_X12                     NanGate_15nm_OCL
        DFF_X1                         NanGate_15nm_OCL
        INV_X1                         NanGate_15nm_OCL
        INV_X2                         NanGate_15nm_OCL
        MUX2_X1                        NanGate_15nm_OCL
        NAND2_X1                       NanGate_15nm_OCL
        NAND2_X2                       NanGate_15nm_OCL
        NAND4_X1                       NanGate_15nm_OCL
        NOR4_X1                        NanGate_15nm_OCL
        OAI21_X1                       NanGate_15nm_OCL
        OAI22_X1                       NanGate_15nm_OCL
        OAI22_X2                       NanGate_15nm_OCL
        OR2_X2                         NanGate_15nm_OCL
        OR4_X1                         NanGate_15nm_OCL
        alu2                                     r
            AND2_X1                    NanGate_15nm_OCL
            AND2_X2                    NanGate_15nm_OCL
            AND3_X1                    NanGate_15nm_OCL
            AND3_X2                    NanGate_15nm_OCL
            AND4_X1                    NanGate_15nm_OCL
            AND4_X2                    NanGate_15nm_OCL
            AOI21_X1                   NanGate_15nm_OCL
            AOI22_X1                   NanGate_15nm_OCL
            AOI22_X2                   NanGate_15nm_OCL
            BUF_X2                     NanGate_15nm_OCL
            BUF_X4                     NanGate_15nm_OCL
            BUF_X8                     NanGate_15nm_OCL
            BUF_X16                    NanGate_15nm_OCL
            CLKBUF_X1                  NanGate_15nm_OCL
            CLKBUF_X2                  NanGate_15nm_OCL
            CLKBUF_X4                  NanGate_15nm_OCL
            CLKBUF_X8                  NanGate_15nm_OCL
            CLKBUF_X12                 NanGate_15nm_OCL
            DFF_X1                     NanGate_15nm_OCL
            INV_X1                     NanGate_15nm_OCL
            INV_X2                     NanGate_15nm_OCL
            INV_X4                     NanGate_15nm_OCL
            INV_X8                     NanGate_15nm_OCL
            INV_X12                    NanGate_15nm_OCL
            INV_X16                    NanGate_15nm_OCL
            MUX2_X1                    NanGate_15nm_OCL
            NAND2_X1                   NanGate_15nm_OCL
            NAND2_X2                   NanGate_15nm_OCL
            NAND3_X1                   NanGate_15nm_OCL
            NAND3_X2                   NanGate_15nm_OCL
            NAND4_X1                   NanGate_15nm_OCL
            NAND4_X2                   NanGate_15nm_OCL
            NOR2_X1                    NanGate_15nm_OCL
            NOR2_X2                    NanGate_15nm_OCL
            NOR3_X1                    NanGate_15nm_OCL
            NOR3_X2                    NanGate_15nm_OCL
            NOR4_X1                    NanGate_15nm_OCL
            NOR4_X2                    NanGate_15nm_OCL
            OAI21_X1                   NanGate_15nm_OCL
            OAI21_X2                   NanGate_15nm_OCL
            OAI22_X1                   NanGate_15nm_OCL
            OAI22_X2                   NanGate_15nm_OCL
            OR3_X1                     NanGate_15nm_OCL
            OR4_X1                     NanGate_15nm_OCL
            XOR2_X1                    NanGate_15nm_OCL
            alu2_DW01_add_1                      r
                AND2_X1                NanGate_15nm_OCL
                AOI21_X1               NanGate_15nm_OCL
                AOI21_X2               NanGate_15nm_OCL
                INV_X1                 NanGate_15nm_OCL
                INV_X2                 NanGate_15nm_OCL
                INV_X4                 NanGate_15nm_OCL
                NAND2_X1               NanGate_15nm_OCL
                NOR2_X1                NanGate_15nm_OCL
                NOR2_X2                NanGate_15nm_OCL
                OAI21_X1               NanGate_15nm_OCL
                OAI21_X2               NanGate_15nm_OCL
                OR2_X1                 NanGate_15nm_OCL
                OR2_X2                 NanGate_15nm_OCL
                XNOR2_X1               NanGate_15nm_OCL
                XOR2_X1                NanGate_15nm_OCL
            alu2_DW_mult_tc_2                    r
                AND2_X1                NanGate_15nm_OCL
                AOI21_X1               NanGate_15nm_OCL
                AOI21_X2               NanGate_15nm_OCL
                BUF_X2                 NanGate_15nm_OCL
                BUF_X4                 NanGate_15nm_OCL
                BUF_X16                NanGate_15nm_OCL
                CLKBUF_X2              NanGate_15nm_OCL
                CLKBUF_X4              NanGate_15nm_OCL
                CLKBUF_X8              NanGate_15nm_OCL
                CLKBUF_X12             NanGate_15nm_OCL
                CLKBUF_X16             NanGate_15nm_OCL
                FA_X1                  NanGate_15nm_OCL
                HA_X1                  NanGate_15nm_OCL
                INV_X1                 NanGate_15nm_OCL
                INV_X2                 NanGate_15nm_OCL
                INV_X4                 NanGate_15nm_OCL
                INV_X8                 NanGate_15nm_OCL
                INV_X12                NanGate_15nm_OCL
                INV_X16                NanGate_15nm_OCL
                NAND2_X1               NanGate_15nm_OCL
                NAND2_X2               NanGate_15nm_OCL
                NAND3_X1               NanGate_15nm_OCL
                NAND3_X2               NanGate_15nm_OCL
                NOR2_X1                NanGate_15nm_OCL
                NOR2_X2                NanGate_15nm_OCL
                OAI21_X1               NanGate_15nm_OCL
                OAI21_X2               NanGate_15nm_OCL
                OAI22_X1               NanGate_15nm_OCL
                OAI22_X2               NanGate_15nm_OCL
                OR2_X1                 NanGate_15nm_OCL
                OR2_X2                 NanGate_15nm_OCL
                XNOR2_X1               NanGate_15nm_OCL
                XOR2_X1                NanGate_15nm_OCL
            alu2_DW_mult_tc_3                    r
                AND2_X1                NanGate_15nm_OCL
                AOI21_X1               NanGate_15nm_OCL
                AOI21_X2               NanGate_15nm_OCL
                BUF_X4                 NanGate_15nm_OCL
                BUF_X8                 NanGate_15nm_OCL
                CLKBUF_X2              NanGate_15nm_OCL
                CLKBUF_X12             NanGate_15nm_OCL
                FA_X1                  NanGate_15nm_OCL
                HA_X1                  NanGate_15nm_OCL
                INV_X1                 NanGate_15nm_OCL
                INV_X2                 NanGate_15nm_OCL
                INV_X4                 NanGate_15nm_OCL
                INV_X12                NanGate_15nm_OCL
                NAND2_X1               NanGate_15nm_OCL
                NAND2_X2               NanGate_15nm_OCL
                NOR2_X1                NanGate_15nm_OCL
                NOR2_X2                NanGate_15nm_OCL
                OAI21_X1               NanGate_15nm_OCL
                OAI21_X2               NanGate_15nm_OCL
                OAI22_X1               NanGate_15nm_OCL
                OAI22_X2               NanGate_15nm_OCL
                OR2_X1                 NanGate_15nm_OCL
                XNOR2_X1               NanGate_15nm_OCL
                XOR2_X1                NanGate_15nm_OCL
            alu2_DW_mult_uns_1                   r
                AND2_X1                NanGate_15nm_OCL
                AOI21_X1               NanGate_15nm_OCL
                AOI21_X2               NanGate_15nm_OCL
                BUF_X2                 NanGate_15nm_OCL
                BUF_X4                 NanGate_15nm_OCL
                BUF_X8                 NanGate_15nm_OCL
                BUF_X16                NanGate_15nm_OCL
                CLKBUF_X1              NanGate_15nm_OCL
                CLKBUF_X2              NanGate_15nm_OCL
                CLKBUF_X4              NanGate_15nm_OCL
                CLKBUF_X8              NanGate_15nm_OCL
                CLKBUF_X12             NanGate_15nm_OCL
                FA_X1                  NanGate_15nm_OCL
                HA_X1                  NanGate_15nm_OCL
                INV_X1                 NanGate_15nm_OCL
                INV_X2                 NanGate_15nm_OCL
                INV_X4                 NanGate_15nm_OCL
                INV_X8                 NanGate_15nm_OCL
                INV_X12                NanGate_15nm_OCL
                INV_X16                NanGate_15nm_OCL
                NAND2_X1               NanGate_15nm_OCL
                NAND2_X2               NanGate_15nm_OCL
                NAND3_X2               NanGate_15nm_OCL
                NOR2_X1                NanGate_15nm_OCL
                NOR2_X2                NanGate_15nm_OCL
                OAI21_X1               NanGate_15nm_OCL
                OAI21_X2               NanGate_15nm_OCL
                OAI22_X1               NanGate_15nm_OCL
                OAI22_X2               NanGate_15nm_OCL
                OR2_X1                 NanGate_15nm_OCL
                OR2_X2                 NanGate_15nm_OCL
                XNOR2_X1               NanGate_15nm_OCL
                XOR2_X1                NanGate_15nm_OCL
        pps_ex_2_DW01_add_3                      r
            AND2_X1                    NanGate_15nm_OCL
            AND2_X2                    NanGate_15nm_OCL
            AOI21_X1                   NanGate_15nm_OCL
            AOI21_X2                   NanGate_15nm_OCL
            INV_X1                     NanGate_15nm_OCL
            NAND2_X1                   NanGate_15nm_OCL
            NOR2_X1                    NanGate_15nm_OCL
            OAI21_X1                   NanGate_15nm_OCL
            OR2_X1                     NanGate_15nm_OCL
            XNOR2_X1                   NanGate_15nm_OCL
            XOR2_X1                    NanGate_15nm_OCL
        pps_ex_2_DW01_add_4                      r
            INV_X1                     NanGate_15nm_OCL
            NAND2_X1                   NanGate_15nm_OCL
            NOR2_X1                    NanGate_15nm_OCL
            NOR2_X2                    NanGate_15nm_OCL
            XNOR2_X1                   NanGate_15nm_OCL
            XOR2_X1                    NanGate_15nm_OCL
        pps_ex_2_DW01_add_5                      r
            INV_X1                     NanGate_15nm_OCL
            NAND2_X1                   NanGate_15nm_OCL
            NOR2_X1                    NanGate_15nm_OCL
            NOR2_X2                    NanGate_15nm_OCL
            OR2_X1                     NanGate_15nm_OCL
            XNOR2_X1                   NanGate_15nm_OCL
            XOR2_X1                    NanGate_15nm_OCL
    pps_mem
        AND2_X1                        NanGate_15nm_OCL
        AND2_X2                        NanGate_15nm_OCL
        AOI22_X1                       NanGate_15nm_OCL
        BUF_X2                         NanGate_15nm_OCL
        CLKBUF_X2                      NanGate_15nm_OCL
        CLKBUF_X4                      NanGate_15nm_OCL
        DFF_X1                         NanGate_15nm_OCL
        INV_X1                         NanGate_15nm_OCL
        INV_X2                         NanGate_15nm_OCL
        MUX2_X1                        NanGate_15nm_OCL
        NAND2_X1                       NanGate_15nm_OCL
        NAND2_X2                       NanGate_15nm_OCL
        OAI21_X1                       NanGate_15nm_OCL
        OAI22_X1                       NanGate_15nm_OCL
    pps_pf
        AOI22_X1                       NanGate_15nm_OCL
        BUF_X1                         NanGate_15nm_OCL
        BUF_X2                         NanGate_15nm_OCL
        BUF_X4                         NanGate_15nm_OCL
        CLKBUF_X2                      NanGate_15nm_OCL
        CLKBUF_X4                      NanGate_15nm_OCL
        CLKBUF_X12                     NanGate_15nm_OCL
        DFF_X1                         NanGate_15nm_OCL
        INV_X1                         NanGate_15nm_OCL
        INV_X2                         NanGate_15nm_OCL
        MUX2_X1                        NanGate_15nm_OCL
        NAND2_X1                       NanGate_15nm_OCL
        NAND2_X2                       NanGate_15nm_OCL
        NAND3_X1                       NanGate_15nm_OCL
        NAND3_X2                       NanGate_15nm_OCL
        NAND4_X1                       NanGate_15nm_OCL
        NOR2_X2                        NanGate_15nm_OCL
        OAI21_X1                       NanGate_15nm_OCL
        OAI21_X2                       NanGate_15nm_OCL
        OR3_X1                         NanGate_15nm_OCL
        pps_pf_DW01_add_3                        r
            INV_X1                     NanGate_15nm_OCL
            NAND2_X1                   NanGate_15nm_OCL
            NOR2_X1                    NanGate_15nm_OCL
            NOR2_X2                    NanGate_15nm_OCL
            XNOR2_X1                   NanGate_15nm_OCL
            XOR2_X1                    NanGate_15nm_OCL
        pps_pf_DW01_add_4                        r
            INV_X1                     NanGate_15nm_OCL
            NAND2_X1                   NanGate_15nm_OCL
            NOR2_X1                    NanGate_15nm_OCL
            NOR2_X2                    NanGate_15nm_OCL
            OR2_X1                     NanGate_15nm_OCL
            XNOR2_X1                   NanGate_15nm_OCL
            XOR2_X1                    NanGate_15nm_OCL
        pps_pf_DW01_add_5                        r
            INV_X1                     NanGate_15nm_OCL
            NAND2_X1                   NanGate_15nm_OCL
            NOR2_X1                    NanGate_15nm_OCL
            NOR2_X2                    NanGate_15nm_OCL
            OR2_X1                     NanGate_15nm_OCL
            XNOR2_X1                   NanGate_15nm_OCL
            XOR2_X1                    NanGate_15nm_OCL
    renvoi                                       r
        AND2_X1                        NanGate_15nm_OCL
        AND2_X2                        NanGate_15nm_OCL
        AND3_X1                        NanGate_15nm_OCL
        AND3_X2                        NanGate_15nm_OCL
        AND4_X1                        NanGate_15nm_OCL
        AOI21_X1                       NanGate_15nm_OCL
        AOI21_X2                       NanGate_15nm_OCL
        AOI22_X1                       NanGate_15nm_OCL
        BUF_X2                         NanGate_15nm_OCL
        BUF_X4                         NanGate_15nm_OCL
        BUF_X8                         NanGate_15nm_OCL
        CLKBUF_X2                      NanGate_15nm_OCL
        CLKBUF_X4                      NanGate_15nm_OCL
        CLKBUF_X12                     NanGate_15nm_OCL
        INV_X1                         NanGate_15nm_OCL
        INV_X2                         NanGate_15nm_OCL
        INV_X4                         NanGate_15nm_OCL
        INV_X16                        NanGate_15nm_OCL
        NAND2_X1                       NanGate_15nm_OCL
        NAND2_X2                       NanGate_15nm_OCL
        NAND3_X1                       NanGate_15nm_OCL
        NAND3_X2                       NanGate_15nm_OCL
        NAND4_X1                       NanGate_15nm_OCL
        NAND4_X2                       NanGate_15nm_OCL
        NOR2_X1                        NanGate_15nm_OCL
        NOR2_X2                        NanGate_15nm_OCL
        NOR3_X1                        NanGate_15nm_OCL
        NOR3_X2                        NanGate_15nm_OCL
        NOR4_X1                        NanGate_15nm_OCL
        NOR4_X2                        NanGate_15nm_OCL
        OAI21_X1                       NanGate_15nm_OCL
        OAI21_X2                       NanGate_15nm_OCL
        OAI22_X1                       NanGate_15nm_OCL
        OAI22_X2                       NanGate_15nm_OCL
        OR2_X1                         NanGate_15nm_OCL
        OR3_X1                         NanGate_15nm_OCL
        OR3_X2                         NanGate_15nm_OCL
        XNOR2_X1                       NanGate_15nm_OCL
        XOR2_X1                        NanGate_15nm_OCL
    syscop                                       r
        AND2_X1                        NanGate_15nm_OCL
        AND2_X2                        NanGate_15nm_OCL
        AND3_X1                        NanGate_15nm_OCL
        AND4_X1                        NanGate_15nm_OCL
        AOI21_X1                       NanGate_15nm_OCL
        AOI22_X1                       NanGate_15nm_OCL
        BUF_X2                         NanGate_15nm_OCL
        BUF_X4                         NanGate_15nm_OCL
        BUF_X8                         NanGate_15nm_OCL
        CLKBUF_X2                      NanGate_15nm_OCL
        CLKBUF_X4                      NanGate_15nm_OCL
        CLKBUF_X8                      NanGate_15nm_OCL
        CLKBUF_X12                     NanGate_15nm_OCL
        DFF_X1                         NanGate_15nm_OCL
        INV_X1                         NanGate_15nm_OCL
        INV_X2                         NanGate_15nm_OCL
        MUX2_X1                        NanGate_15nm_OCL
        NAND2_X1                       NanGate_15nm_OCL
        NAND2_X2                       NanGate_15nm_OCL
        NAND3_X1                       NanGate_15nm_OCL
        NAND3_X2                       NanGate_15nm_OCL
        NAND4_X1                       NanGate_15nm_OCL
        NOR2_X1                        NanGate_15nm_OCL
        NOR2_X2                        NanGate_15nm_OCL
        NOR3_X1                        NanGate_15nm_OCL
        NOR3_X2                        NanGate_15nm_OCL
        NOR4_X1                        NanGate_15nm_OCL
        NOR4_X2                        NanGate_15nm_OCL
        OAI21_X1                       NanGate_15nm_OCL
        OAI22_X1                       NanGate_15nm_OCL
        OR3_X1                         NanGate_15nm_OCL
        OR4_X1                         NanGate_15nm_OCL
1
