 
****************************************
Report : reference
Design : minimips
Version: N-2017.09-SP3
Date   : Tue Mar  2 19:19:46 2021
****************************************

Attributes:
    b - black box (unknown)
   bo - allows boundary optimization
    d - dont_touch
   mo - map_only
    h - hierarchical
    n - noncombinational
    r - removable
    s - synthetic operator
    u - contains unmapped logic

Reference          Library       Unit Area   Count    Total Area   Attributes
-----------------------------------------------------------------------------
BUF_X4             NanGate_15nm_OCL
                                  0.393216       1      0.393216  
CLKBUF_X4          NanGate_15nm_OCL
                                  0.393216       1      0.393216  
CLKBUF_X12         NanGate_15nm_OCL
                                  0.983040       1      0.983040  
DFF_X1             NanGate_15nm_OCL
                                  4.522000       1      4.522000  n
INV_X1             NanGate_15nm_OCL
                                  0.147456      13      1.916928  
INV_X2             NanGate_15nm_OCL
                                  0.196608       5      0.983040  
MUX2_X1            NanGate_15nm_OCL
                                  0.638976      64     40.894463  
NAND2_X1           NanGate_15nm_OCL
                                  0.196608       3      0.589824  
NAND2_X2           NanGate_15nm_OCL
                                  0.294912       4      1.179648  
NAND3_X1           NanGate_15nm_OCL
                                  0.294912       1      0.294912  
NAND3_X2           NanGate_15nm_OCL
                                  0.442368       1      0.442368  
NOR2_X1            NanGate_15nm_OCL
                                  0.196608       1      0.196608  
NOR3_X1            NanGate_15nm_OCL
                                  0.294912       1      0.294912  
OR2_X1             NanGate_15nm_OCL
                                  0.294912       1      0.294912  
OR2_X2             NanGate_15nm_OCL
                                  0.344064       1      0.344064  
OR3_X1             NanGate_15nm_OCL
                                  0.393216       3      1.179648  
banc                           6863.650169       1   6863.650169  h, n
bus_ctrl01                      244.887370       1    244.887370  h, n
bus_ctrl02                      245.772106       1    245.772106  h, n
delay_gate                        0.000000       1      0.000000  h
pps_di                         1039.529992       1   1039.529992  h, n
pps_di_2                       1056.218553       1   1056.218553  h, n
pps_ei                          337.036293       1    337.036293  h, n
pps_ei_2                        335.200326       1    335.200326  h, n
pps_ex                         5220.242678       1   5220.242678  h, n
pps_ex_2                       5234.791670       1   5234.791670  h, n
pps_mem                        1141.853501       1   1141.853501  h, n
pps_pf                          468.026360       1    468.026360  h, n
renvoi                          426.885120       1    426.885120  h
syscop                          977.438718       1    977.438718  h, n
-----------------------------------------------------------------------------
Total 30 references                                 23646.435653
1
