 
****************************************
Report : constraint
Design : minimips
Version: N-2017.09-SP3
Date   : Tue Mar  2 19:19:46 2021
****************************************


                                                   Weighted
    Group (max_delay/setup)      Cost     Weight     Cost
    -----------------------------------------------------
    clock                      169.39      1.00    169.39
    clock2                     172.25      1.00    172.25
    default                      0.00      1.00      0.00
    -----------------------------------------------------
    max_delay/setup                                341.64

                              Total Neg  Critical
    Group (critical_range)      Slack    Endpoints   Cost
    -----------------------------------------------------
    clock                    223255.81       34   5754.77
    clock2                   99003.91         4    689.00
    default                      0.00         0      0.00
    -----------------------------------------------------
    critical_range                                6443.77


    Constraint                                       Cost
    -----------------------------------------------------
    max_transition                                   0.00 (MET)
    max_capacitance                                  0.00 (MET)
    max_delay/setup                                341.64 (VIOLATED)
    sequential_clock_pulse_width                     0.00 (MET)
    critical_range                                6443.77 (VIOLATED)


1
