 
****************************************
Report : hierarchy
Design : minimips
Version: N-2017.09-SP3
Date   : Mon Mar  8 20:39:43 2021
****************************************

Attributes:
    r - licensed design

minimips
    AOI22_X1                           NangateOpenCellLibrary
    BUF_X1                             NangateOpenCellLibrary
    BUF_X2                             NangateOpenCellLibrary
    CLKBUF_X1                          NangateOpenCellLibrary
    DFF_X1                             NangateOpenCellLibrary
    INV_X1                             NangateOpenCellLibrary
    NAND2_X1                           NangateOpenCellLibrary
    NOR2_X1                            NangateOpenCellLibrary
    NOR4_X1                            NangateOpenCellLibrary
    OR3_X1                             NangateOpenCellLibrary
    banc
        AND2_X1                        NangateOpenCellLibrary
        AND3_X1                        NangateOpenCellLibrary
        AOI21_X1                       NangateOpenCellLibrary
        AOI22_X1                       NangateOpenCellLibrary
        BUF_X1                         NangateOpenCellLibrary
        DFF_X1                         NangateOpenCellLibrary
        INV_X1                         NangateOpenCellLibrary
        INV_X2                         NangateOpenCellLibrary
        NAND2_X1                       NangateOpenCellLibrary
        NAND2_X2                       NangateOpenCellLibrary
        NAND3_X1                       NangateOpenCellLibrary
        NOR2_X1                        NangateOpenCellLibrary
        NOR3_X1                        NangateOpenCellLibrary
        NOR4_X1                        NangateOpenCellLibrary
        OAI211_X2                      NangateOpenCellLibrary
        OAI221_X1                      NangateOpenCellLibrary
        OAI222_X1                      NangateOpenCellLibrary
    bus_ctrl01
        AND2_X1                        NangateOpenCellLibrary
        AOI21_X1                       NangateOpenCellLibrary
        AOI22_X1                       NangateOpenCellLibrary
        BUF_X1                         NangateOpenCellLibrary
        DFFR_X1                        NangateOpenCellLibrary
        DFF_X1                         NangateOpenCellLibrary
        INV_X1                         NangateOpenCellLibrary
        NAND2_X1                       NangateOpenCellLibrary
        NAND2_X2                       NangateOpenCellLibrary
        NAND4_X1                       NangateOpenCellLibrary
        OAI22_X1                       NangateOpenCellLibrary
        OR2_X1                         NangateOpenCellLibrary
        TBUF_X1                        NangateOpenCellLibrary
    bus_ctrl02
        AND2_X1                        NangateOpenCellLibrary
        AOI21_X1                       NangateOpenCellLibrary
        AOI22_X1                       NangateOpenCellLibrary
        BUF_X1                         NangateOpenCellLibrary
        CLKBUF_X1                      NangateOpenCellLibrary
        DFFR_X1                        NangateOpenCellLibrary
        DFF_X1                         NangateOpenCellLibrary
        INV_X1                         NangateOpenCellLibrary
        INV_X2                         NangateOpenCellLibrary
        NAND2_X1                       NangateOpenCellLibrary
        NAND2_X2                       NangateOpenCellLibrary
        NAND4_X1                       NangateOpenCellLibrary
        OAI22_X1                       NangateOpenCellLibrary
        OR2_X1                         NangateOpenCellLibrary
        TBUF_X1                        NangateOpenCellLibrary
    delay_gate
    pps_di
        AND2_X1                        NangateOpenCellLibrary
        AND2_X2                        NangateOpenCellLibrary
        AND3_X1                        NangateOpenCellLibrary
        AND4_X1                        NangateOpenCellLibrary
        AND4_X2                        NangateOpenCellLibrary
        AOI21_X1                       NangateOpenCellLibrary
        AOI22_X1                       NangateOpenCellLibrary
        AOI211_X1                      NangateOpenCellLibrary
        AOI221_X1                      NangateOpenCellLibrary
        AOI222_X1                      NangateOpenCellLibrary
        AOI222_X4                      NangateOpenCellLibrary
        CLKBUF_X1                      NangateOpenCellLibrary
        DFF_X1                         NangateOpenCellLibrary
        DFF_X2                         NangateOpenCellLibrary
        INV_X1                         NangateOpenCellLibrary
        INV_X2                         NangateOpenCellLibrary
        NAND2_X1                       NangateOpenCellLibrary
        NAND3_X1                       NangateOpenCellLibrary
        NAND4_X1                       NangateOpenCellLibrary
        NAND4_X2                       NangateOpenCellLibrary
        NOR2_X1                        NangateOpenCellLibrary
        NOR2_X2                        NangateOpenCellLibrary
        NOR3_X1                        NangateOpenCellLibrary
        NOR3_X2                        NangateOpenCellLibrary
        NOR4_X1                        NangateOpenCellLibrary
        NOR4_X2                        NangateOpenCellLibrary
        OAI21_X1                       NangateOpenCellLibrary
        OAI21_X2                       NangateOpenCellLibrary
        OAI22_X1                       NangateOpenCellLibrary
        OAI33_X1                       NangateOpenCellLibrary
        OAI211_X1                      NangateOpenCellLibrary
        OAI221_X1                      NangateOpenCellLibrary
        OR2_X1                         NangateOpenCellLibrary
        OR3_X1                         NangateOpenCellLibrary
    pps_di_2
        AND2_X1                        NangateOpenCellLibrary
        AND2_X2                        NangateOpenCellLibrary
        AND3_X1                        NangateOpenCellLibrary
        AND3_X2                        NangateOpenCellLibrary
        AND4_X1                        NangateOpenCellLibrary
        AOI21_X1                       NangateOpenCellLibrary
        AOI22_X1                       NangateOpenCellLibrary
        AOI211_X1                      NangateOpenCellLibrary
        AOI221_X1                      NangateOpenCellLibrary
        AOI222_X1                      NangateOpenCellLibrary
        AOI222_X4                      NangateOpenCellLibrary
        CLKBUF_X1                      NangateOpenCellLibrary
        DFFRS_X2                       NangateOpenCellLibrary
        DFF_X1                         NangateOpenCellLibrary
        DFF_X2                         NangateOpenCellLibrary
        INV_X1                         NangateOpenCellLibrary
        INV_X2                         NangateOpenCellLibrary
        NAND2_X1                       NangateOpenCellLibrary
        NAND3_X1                       NangateOpenCellLibrary
        NAND4_X1                       NangateOpenCellLibrary
        NOR2_X1                        NangateOpenCellLibrary
        NOR2_X2                        NangateOpenCellLibrary
        NOR2_X4                        NangateOpenCellLibrary
        NOR3_X1                        NangateOpenCellLibrary
        NOR3_X2                        NangateOpenCellLibrary
        NOR4_X1                        NangateOpenCellLibrary
        NOR4_X2                        NangateOpenCellLibrary
        OAI21_X1                       NangateOpenCellLibrary
        OAI21_X2                       NangateOpenCellLibrary
        OAI22_X1                       NangateOpenCellLibrary
        OAI211_X1                      NangateOpenCellLibrary
        OAI221_X1                      NangateOpenCellLibrary
        OAI222_X1                      NangateOpenCellLibrary
        OR2_X1                         NangateOpenCellLibrary
        OR3_X1                         NangateOpenCellLibrary
    pps_ei
        AND2_X2                        NangateOpenCellLibrary
        AOI21_X1                       NangateOpenCellLibrary
        AOI22_X1                       NangateOpenCellLibrary
        DFF_X1                         NangateOpenCellLibrary
        INV_X1                         NangateOpenCellLibrary
        NAND3_X1                       NangateOpenCellLibrary
        NOR2_X2                        NangateOpenCellLibrary
        NOR4_X2                        NangateOpenCellLibrary
        OAI21_X1                       NangateOpenCellLibrary
        OR4_X1                         NangateOpenCellLibrary
    pps_ei_2
        AND2_X2                        NangateOpenCellLibrary
        AOI21_X1                       NangateOpenCellLibrary
        AOI22_X1                       NangateOpenCellLibrary
        DFF_X1                         NangateOpenCellLibrary
        INV_X1                         NangateOpenCellLibrary
        INV_X2                         NangateOpenCellLibrary
        NAND3_X1                       NangateOpenCellLibrary
        NOR2_X2                        NangateOpenCellLibrary
        NOR4_X2                        NangateOpenCellLibrary
        OAI21_X1                       NangateOpenCellLibrary
        OR4_X1                         NangateOpenCellLibrary
    pps_ex
        AND2_X2                        NangateOpenCellLibrary
        AND3_X1                        NangateOpenCellLibrary
        AOI22_X1                       NangateOpenCellLibrary
        AOI221_X1                      NangateOpenCellLibrary
        AOI222_X1                      NangateOpenCellLibrary
        BUF_X1                         NangateOpenCellLibrary
        CLKBUF_X1                      NangateOpenCellLibrary
        DFF_X1                         NangateOpenCellLibrary
        INV_X1                         NangateOpenCellLibrary
        INV_X2                         NangateOpenCellLibrary
        NAND2_X1                       NangateOpenCellLibrary
        NAND4_X1                       NangateOpenCellLibrary
        NOR2_X1                        NangateOpenCellLibrary
        NOR2_X2                        NangateOpenCellLibrary
        NOR2_X4                        NangateOpenCellLibrary
        NOR4_X1                        NangateOpenCellLibrary
        OAI21_X1                       NangateOpenCellLibrary
        OAI22_X1                       NangateOpenCellLibrary
        OR2_X1                         NangateOpenCellLibrary
        OR4_X1                         NangateOpenCellLibrary
        alu                                      r
            AND2_X1                    NangateOpenCellLibrary
            AND2_X2                    NangateOpenCellLibrary
            AND3_X1                    NangateOpenCellLibrary
            AND4_X1                    NangateOpenCellLibrary
            AOI21_X1                   NangateOpenCellLibrary
            AOI22_X1                   NangateOpenCellLibrary
            AOI211_X1                  NangateOpenCellLibrary
            AOI221_X1                  NangateOpenCellLibrary
            AOI222_X1                  NangateOpenCellLibrary
            BUF_X1                     NangateOpenCellLibrary
            BUF_X2                     NangateOpenCellLibrary
            CLKBUF_X1                  NangateOpenCellLibrary
            DFF_X1                     NangateOpenCellLibrary
            INV_X1                     NangateOpenCellLibrary
            INV_X2                     NangateOpenCellLibrary
            INV_X4                     NangateOpenCellLibrary
            INV_X8                     NangateOpenCellLibrary
            MUX2_X1                    NangateOpenCellLibrary
            NAND2_X1                   NangateOpenCellLibrary
            NAND3_X1                   NangateOpenCellLibrary
            NAND4_X1                   NangateOpenCellLibrary
            NOR2_X1                    NangateOpenCellLibrary
            NOR3_X1                    NangateOpenCellLibrary
            NOR4_X1                    NangateOpenCellLibrary
            OAI21_X1                   NangateOpenCellLibrary
            OAI21_X2                   NangateOpenCellLibrary
            OAI22_X1                   NangateOpenCellLibrary
            OAI22_X2                   NangateOpenCellLibrary
            OAI221_X1                  NangateOpenCellLibrary
            OAI222_X1                  NangateOpenCellLibrary
            OR2_X1                     NangateOpenCellLibrary
            OR4_X1                     NangateOpenCellLibrary
            XOR2_X1                    NangateOpenCellLibrary
            alu_DW01_add_0
                FA_X1                  NangateOpenCellLibrary
            alu_DW_mult_tc_0                     r
                AND2_X1                NangateOpenCellLibrary
                AND2_X2                NangateOpenCellLibrary
                AND3_X1                NangateOpenCellLibrary
                AOI21_X1               NangateOpenCellLibrary
                AOI22_X1               NangateOpenCellLibrary
                AOI221_X1              NangateOpenCellLibrary
                AOI221_X4              NangateOpenCellLibrary
                BUF_X1                 NangateOpenCellLibrary
                BUF_X2                 NangateOpenCellLibrary
                CLKBUF_X1              NangateOpenCellLibrary
                CLKBUF_X3              NangateOpenCellLibrary
                FA_X1                  NangateOpenCellLibrary
                HA_X1                  NangateOpenCellLibrary
                INV_X1                 NangateOpenCellLibrary
                INV_X2                 NangateOpenCellLibrary
                INV_X8                 NangateOpenCellLibrary
                NAND2_X1               NangateOpenCellLibrary
                NAND3_X1               NangateOpenCellLibrary
                NOR2_X1                NangateOpenCellLibrary
                NOR2_X4                NangateOpenCellLibrary
                NOR3_X1                NangateOpenCellLibrary
                OAI21_X1               NangateOpenCellLibrary
                OAI22_X1               NangateOpenCellLibrary
                OAI221_X1              NangateOpenCellLibrary
                OAI222_X1              NangateOpenCellLibrary
                OR2_X1                 NangateOpenCellLibrary
                OR2_X4                 NangateOpenCellLibrary
                OR3_X1                 NangateOpenCellLibrary
                XNOR2_X1               NangateOpenCellLibrary
                XNOR2_X2               NangateOpenCellLibrary
                XOR2_X1                NangateOpenCellLibrary
            alu_DW_mult_tc_1                     r
                FA_X1                  NangateOpenCellLibrary
                HA_X1                  NangateOpenCellLibrary
                INV_X1                 NangateOpenCellLibrary
                NAND2_X1               NangateOpenCellLibrary
                NOR2_X1                NangateOpenCellLibrary
                OAI21_X1               NangateOpenCellLibrary
                OAI22_X1               NangateOpenCellLibrary
                OR2_X1                 NangateOpenCellLibrary
                OR3_X1                 NangateOpenCellLibrary
                XNOR2_X1               NangateOpenCellLibrary
                XOR2_X2                NangateOpenCellLibrary
            alu_DW_mult_uns_0                    r
                AND2_X1                NangateOpenCellLibrary
                AND3_X1                NangateOpenCellLibrary
                AND3_X2                NangateOpenCellLibrary
                AOI21_X1               NangateOpenCellLibrary
                AOI22_X1               NangateOpenCellLibrary
                AOI221_X1              NangateOpenCellLibrary
                AOI221_X4              NangateOpenCellLibrary
                BUF_X1                 NangateOpenCellLibrary
                BUF_X2                 NangateOpenCellLibrary
                CLKBUF_X1              NangateOpenCellLibrary
                CLKBUF_X3              NangateOpenCellLibrary
                FA_X1                  NangateOpenCellLibrary
                HA_X1                  NangateOpenCellLibrary
                INV_X1                 NangateOpenCellLibrary
                INV_X2                 NangateOpenCellLibrary
                NAND2_X1               NangateOpenCellLibrary
                NAND3_X1               NangateOpenCellLibrary
                NAND3_X2               NangateOpenCellLibrary
                NOR2_X1                NangateOpenCellLibrary
                NOR2_X4                NangateOpenCellLibrary
                NOR3_X1                NangateOpenCellLibrary
                OAI21_X1               NangateOpenCellLibrary
                OAI22_X1               NangateOpenCellLibrary
                OAI221_X1              NangateOpenCellLibrary
                OAI222_X1              NangateOpenCellLibrary
                OR2_X1                 NangateOpenCellLibrary
                OR3_X1                 NangateOpenCellLibrary
                XNOR2_X1               NangateOpenCellLibrary
                XOR2_X1                NangateOpenCellLibrary
                XOR2_X2                NangateOpenCellLibrary
        pps_ex_DW01_add_0
            AND2_X1                    NangateOpenCellLibrary
            INV_X1                     NangateOpenCellLibrary
            XOR2_X1                    NangateOpenCellLibrary
        pps_ex_DW01_add_1
            AND2_X1                    NangateOpenCellLibrary
            INV_X1                     NangateOpenCellLibrary
            NAND2_X1                   NangateOpenCellLibrary
            XNOR2_X1                   NangateOpenCellLibrary
            XOR2_X1                    NangateOpenCellLibrary
        pps_ex_DW01_add_2
            AND2_X1                    NangateOpenCellLibrary
            FA_X1                      NangateOpenCellLibrary
            XOR2_X1                    NangateOpenCellLibrary
    pps_ex_2
        AND2_X2                        NangateOpenCellLibrary
        AND3_X1                        NangateOpenCellLibrary
        AOI22_X1                       NangateOpenCellLibrary
        AOI221_X1                      NangateOpenCellLibrary
        AOI222_X1                      NangateOpenCellLibrary
        BUF_X1                         NangateOpenCellLibrary
        CLKBUF_X1                      NangateOpenCellLibrary
        DFF_X1                         NangateOpenCellLibrary
        INV_X1                         NangateOpenCellLibrary
        INV_X2                         NangateOpenCellLibrary
        NAND2_X1                       NangateOpenCellLibrary
        NAND4_X1                       NangateOpenCellLibrary
        NOR2_X1                        NangateOpenCellLibrary
        NOR2_X2                        NangateOpenCellLibrary
        NOR2_X4                        NangateOpenCellLibrary
        NOR4_X1                        NangateOpenCellLibrary
        OAI21_X1                       NangateOpenCellLibrary
        OAI22_X1                       NangateOpenCellLibrary
        OR2_X1                         NangateOpenCellLibrary
        OR4_X1                         NangateOpenCellLibrary
        alu2                                     r
            AND2_X1                    NangateOpenCellLibrary
            AND2_X2                    NangateOpenCellLibrary
            AND3_X1                    NangateOpenCellLibrary
            AND4_X1                    NangateOpenCellLibrary
            AOI21_X1                   NangateOpenCellLibrary
            AOI22_X1                   NangateOpenCellLibrary
            AOI211_X1                  NangateOpenCellLibrary
            AOI221_X1                  NangateOpenCellLibrary
            AOI222_X1                  NangateOpenCellLibrary
            BUF_X1                     NangateOpenCellLibrary
            BUF_X2                     NangateOpenCellLibrary
            CLKBUF_X1                  NangateOpenCellLibrary
            CLKBUF_X3                  NangateOpenCellLibrary
            DFF_X1                     NangateOpenCellLibrary
            INV_X1                     NangateOpenCellLibrary
            INV_X2                     NangateOpenCellLibrary
            INV_X4                     NangateOpenCellLibrary
            MUX2_X1                    NangateOpenCellLibrary
            NAND2_X1                   NangateOpenCellLibrary
            NAND3_X1                   NangateOpenCellLibrary
            NAND4_X1                   NangateOpenCellLibrary
            NOR2_X1                    NangateOpenCellLibrary
            NOR3_X1                    NangateOpenCellLibrary
            NOR4_X1                    NangateOpenCellLibrary
            OAI21_X1                   NangateOpenCellLibrary
            OAI21_X2                   NangateOpenCellLibrary
            OAI22_X1                   NangateOpenCellLibrary
            OAI22_X2                   NangateOpenCellLibrary
            OAI221_X1                  NangateOpenCellLibrary
            OAI222_X1                  NangateOpenCellLibrary
            OR2_X1                     NangateOpenCellLibrary
            OR4_X1                     NangateOpenCellLibrary
            XOR2_X1                    NangateOpenCellLibrary
            alu2_DW01_add_0
                FA_X1                  NangateOpenCellLibrary
            alu2_DW_mult_tc_0                    r
                AND2_X1                NangateOpenCellLibrary
                AND2_X2                NangateOpenCellLibrary
                AND3_X1                NangateOpenCellLibrary
                AOI21_X1               NangateOpenCellLibrary
                AOI22_X1               NangateOpenCellLibrary
                AOI221_X1              NangateOpenCellLibrary
                AOI221_X4              NangateOpenCellLibrary
                BUF_X1                 NangateOpenCellLibrary
                BUF_X2                 NangateOpenCellLibrary
                CLKBUF_X1              NangateOpenCellLibrary
                CLKBUF_X3              NangateOpenCellLibrary
                FA_X1                  NangateOpenCellLibrary
                HA_X1                  NangateOpenCellLibrary
                INV_X1                 NangateOpenCellLibrary
                INV_X2                 NangateOpenCellLibrary
                INV_X4                 NangateOpenCellLibrary
                NAND2_X1               NangateOpenCellLibrary
                NAND3_X1               NangateOpenCellLibrary
                NOR2_X1                NangateOpenCellLibrary
                NOR3_X1                NangateOpenCellLibrary
                OAI21_X1               NangateOpenCellLibrary
                OAI22_X1               NangateOpenCellLibrary
                OAI221_X1              NangateOpenCellLibrary
                OAI221_X4              NangateOpenCellLibrary
                OAI222_X1              NangateOpenCellLibrary
                OR2_X1                 NangateOpenCellLibrary
                OR2_X4                 NangateOpenCellLibrary
                OR3_X1                 NangateOpenCellLibrary
                XNOR2_X1               NangateOpenCellLibrary
                XOR2_X1                NangateOpenCellLibrary
            alu2_DW_mult_tc_1                    r
                CLKBUF_X1              NangateOpenCellLibrary
                FA_X1                  NangateOpenCellLibrary
                HA_X1                  NangateOpenCellLibrary
                INV_X1                 NangateOpenCellLibrary
                NAND2_X1               NangateOpenCellLibrary
                NOR2_X1                NangateOpenCellLibrary
                OAI21_X1               NangateOpenCellLibrary
                OAI22_X1               NangateOpenCellLibrary
                OR2_X1                 NangateOpenCellLibrary
                OR3_X1                 NangateOpenCellLibrary
                XNOR2_X1               NangateOpenCellLibrary
                XOR2_X2                NangateOpenCellLibrary
            alu2_DW_mult_uns_0                   r
                AND2_X1                NangateOpenCellLibrary
                AND3_X1                NangateOpenCellLibrary
                AND3_X2                NangateOpenCellLibrary
                AOI21_X1               NangateOpenCellLibrary
                AOI22_X1               NangateOpenCellLibrary
                AOI221_X1              NangateOpenCellLibrary
                AOI221_X4              NangateOpenCellLibrary
                BUF_X1                 NangateOpenCellLibrary
                BUF_X2                 NangateOpenCellLibrary
                CLKBUF_X1              NangateOpenCellLibrary
                CLKBUF_X3              NangateOpenCellLibrary
                FA_X1                  NangateOpenCellLibrary
                HA_X1                  NangateOpenCellLibrary
                INV_X1                 NangateOpenCellLibrary
                INV_X2                 NangateOpenCellLibrary
                NAND2_X1               NangateOpenCellLibrary
                NAND3_X1               NangateOpenCellLibrary
                NOR2_X1                NangateOpenCellLibrary
                NOR2_X4                NangateOpenCellLibrary
                NOR3_X1                NangateOpenCellLibrary
                OAI21_X1               NangateOpenCellLibrary
                OAI22_X1               NangateOpenCellLibrary
                OAI221_X1              NangateOpenCellLibrary
                OAI222_X1              NangateOpenCellLibrary
                OR2_X1                 NangateOpenCellLibrary
                OR3_X1                 NangateOpenCellLibrary
                XNOR2_X1               NangateOpenCellLibrary
                XNOR2_X2               NangateOpenCellLibrary
                XOR2_X1                NangateOpenCellLibrary
        pps_ex_2_DW01_add_0
            AND2_X1                    NangateOpenCellLibrary
            INV_X1                     NangateOpenCellLibrary
            XOR2_X1                    NangateOpenCellLibrary
        pps_ex_2_DW01_add_1
            AND2_X1                    NangateOpenCellLibrary
            INV_X1                     NangateOpenCellLibrary
            NAND2_X1                   NangateOpenCellLibrary
            XNOR2_X1                   NangateOpenCellLibrary
            XOR2_X1                    NangateOpenCellLibrary
        pps_ex_2_DW01_add_2
            AND2_X1                    NangateOpenCellLibrary
            FA_X1                      NangateOpenCellLibrary
            XOR2_X1                    NangateOpenCellLibrary
    pps_mem
        AND2_X1                        NangateOpenCellLibrary
        AND2_X2                        NangateOpenCellLibrary
        AOI22_X1                       NangateOpenCellLibrary
        AOI222_X1                      NangateOpenCellLibrary
        BUF_X1                         NangateOpenCellLibrary
        DFF_X1                         NangateOpenCellLibrary
        INV_X1                         NangateOpenCellLibrary
        INV_X2                         NangateOpenCellLibrary
        NAND2_X1                       NangateOpenCellLibrary
        NOR2_X1                        NangateOpenCellLibrary
        NOR2_X2                        NangateOpenCellLibrary
        OAI22_X1                       NangateOpenCellLibrary
        OR2_X1                         NangateOpenCellLibrary
    pps_pf
        AND2_X2                        NangateOpenCellLibrary
        AND3_X1                        NangateOpenCellLibrary
        AOI22_X1                       NangateOpenCellLibrary
        AOI221_X1                      NangateOpenCellLibrary
        DFF_X1                         NangateOpenCellLibrary
        INV_X1                         NangateOpenCellLibrary
        INV_X2                         NangateOpenCellLibrary
        NAND2_X1                       NangateOpenCellLibrary
        NOR3_X1                        NangateOpenCellLibrary
        NOR3_X2                        NangateOpenCellLibrary
        OAI21_X1                       NangateOpenCellLibrary
        OAI22_X1                       NangateOpenCellLibrary
        pps_pf_DW01_add_0
            AND2_X1                    NangateOpenCellLibrary
            INV_X1                     NangateOpenCellLibrary
            NAND2_X1                   NangateOpenCellLibrary
            XNOR2_X1                   NangateOpenCellLibrary
            XOR2_X1                    NangateOpenCellLibrary
        pps_pf_DW01_add_1
            AND2_X1                    NangateOpenCellLibrary
            INV_X1                     NangateOpenCellLibrary
            NAND2_X1                   NangateOpenCellLibrary
            XNOR2_X1                   NangateOpenCellLibrary
            XOR2_X1                    NangateOpenCellLibrary
        pps_pf_DW01_add_2
            AND2_X1                    NangateOpenCellLibrary
            INV_X1                     NangateOpenCellLibrary
            NAND2_X1                   NangateOpenCellLibrary
            XNOR2_X1                   NangateOpenCellLibrary
            XOR2_X1                    NangateOpenCellLibrary
    renvoi                                       r
        AND2_X1                        NangateOpenCellLibrary
        AND3_X1                        NangateOpenCellLibrary
        AND4_X1                        NangateOpenCellLibrary
        AOI21_X1                       NangateOpenCellLibrary
        AOI22_X1                       NangateOpenCellLibrary
        AOI221_X1                      NangateOpenCellLibrary
        BUF_X1                         NangateOpenCellLibrary
        INV_X1                         NangateOpenCellLibrary
        NAND2_X1                       NangateOpenCellLibrary
        NAND3_X1                       NangateOpenCellLibrary
        NAND4_X1                       NangateOpenCellLibrary
        NOR2_X1                        NangateOpenCellLibrary
        NOR3_X1                        NangateOpenCellLibrary
        NOR4_X1                        NangateOpenCellLibrary
        OAI21_X1                       NangateOpenCellLibrary
        OAI22_X1                       NangateOpenCellLibrary
        OAI211_X1                      NangateOpenCellLibrary
        OR2_X1                         NangateOpenCellLibrary
        OR3_X1                         NangateOpenCellLibrary
        OR4_X1                         NangateOpenCellLibrary
        XNOR2_X1                       NangateOpenCellLibrary
        XOR2_X1                        NangateOpenCellLibrary
    syscop                                       r
        AND2_X1                        NangateOpenCellLibrary
        AND3_X1                        NangateOpenCellLibrary
        AND4_X1                        NangateOpenCellLibrary
        AOI21_X1                       NangateOpenCellLibrary
        AOI22_X1                       NangateOpenCellLibrary
        AOI211_X1                      NangateOpenCellLibrary
        AOI221_X1                      NangateOpenCellLibrary
        BUF_X1                         NangateOpenCellLibrary
        BUF_X2                         NangateOpenCellLibrary
        CLKBUF_X1                      NangateOpenCellLibrary
        DFF_X1                         NangateOpenCellLibrary
        INV_X1                         NangateOpenCellLibrary
        MUX2_X1                        NangateOpenCellLibrary
        NAND2_X1                       NangateOpenCellLibrary
        NAND3_X1                       NangateOpenCellLibrary
        NAND4_X1                       NangateOpenCellLibrary
        NAND4_X2                       NangateOpenCellLibrary
        NOR2_X1                        NangateOpenCellLibrary
        NOR3_X1                        NangateOpenCellLibrary
        NOR4_X1                        NangateOpenCellLibrary
        OAI21_X1                       NangateOpenCellLibrary
        OAI211_X1                      NangateOpenCellLibrary
        OAI222_X1                      NangateOpenCellLibrary
        OR2_X1                         NangateOpenCellLibrary
        OR3_X1                         NangateOpenCellLibrary
        OR4_X1                         NangateOpenCellLibrary
        OR4_X2                         NangateOpenCellLibrary
1
